2015-11-21 12:43:22.566 [http-bio-8080-exec-4] DEBUG com.aspire.webbas.client.filter.AuthFilter - contextPath[/funion-portal],  servletPath[/pages/index.shtml]
2015-11-21 12:43:43.656 [http-bio-8080-exec-4] ERROR com.aspire.webbas.client.filter.AuthFilter - java.net.ConnectException: Connection timed out: connect
com.caucho.hessian.client.HessianRuntimeException: java.net.ConnectException: Connection timed out: connect
	at com.caucho.hessian.client.HessianProxy.sendRequest(HessianProxy.java:281) ~[hessian-4.0.38.jar:na]
	at com.caucho.hessian.client.HessianProxy.invoke(HessianProxy.java:171) ~[hessian-4.0.38.jar:na]
	at com.sun.proxy.$Proxy30.authExclude(Unknown Source) ~[na:na]
	at com.aspire.webbas.client.AuthProxy.authExclude(AuthProxy.java:199) ~[webbas-portal-client-2.0-SNAPSHOT.jar:na]
	at com.aspire.webbas.client.filter.AuthFilter.doFilter(AuthFilter.java:70) ~[webbas-portal-client-2.0-SNAPSHOT.jar:na]
	at org.apache.catalina.core.ApplicationFilterChain.internalDoFilter(ApplicationFilterChain.java:243) [catalina.jar:7.0.33]
	at org.apache.catalina.core.ApplicationFilterChain.doFilter(ApplicationFilterChain.java:210) [catalina.jar:7.0.33]
	at org.springframework.web.filter.CharacterEncodingFilter.doFilterInternal(CharacterEncodingFilter.java:88) [spring-web-3.2.4.RELEASE.jar:3.2.4.RELEASE]
	at org.springframework.web.filter.OncePerRequestFilter.doFilter(OncePerRequestFilter.java:107) [spring-web-3.2.4.RELEASE.jar:3.2.4.RELEASE]
	at org.apache.catalina.core.ApplicationFilterChain.internalDoFilter(ApplicationFilterChain.java:243) [catalina.jar:7.0.33]
	at org.apache.catalina.core.ApplicationFilterChain.doFilter(ApplicationFilterChain.java:210) [catalina.jar:7.0.33]
	at org.apache.catalina.core.StandardWrapperValve.invoke(StandardWrapperValve.java:222) [catalina.jar:7.0.33]
	at org.apache.catalina.core.StandardContextValve.invoke(StandardContextValve.java:123) [catalina.jar:7.0.33]
	at org.apache.catalina.authenticator.AuthenticatorBase.invoke(AuthenticatorBase.java:472) [catalina.jar:7.0.33]
	at org.apache.catalina.core.StandardHostValve.invoke(StandardHostValve.java:171) [catalina.jar:7.0.33]
	at org.apache.catalina.valves.ErrorReportValve.invoke(ErrorReportValve.java:99) [catalina.jar:7.0.33]
	at org.apache.catalina.core.StandardEngineValve.invoke(StandardEngineValve.java:118) [catalina.jar:7.0.33]
	at org.apache.catalina.connector.CoyoteAdapter.service(CoyoteAdapter.java:407) [catalina.jar:7.0.33]
	at org.apache.coyote.http11.AbstractHttp11Processor.process(AbstractHttp11Processor.java:1004) [tomcat-coyote.jar:7.0.33]
	at org.apache.coyote.AbstractProtocol$AbstractConnectionHandler.process(AbstractProtocol.java:589) [tomcat-coyote.jar:7.0.33]
	at org.apache.tomcat.util.net.JIoEndpoint$SocketProcessor.run(JIoEndpoint.java:310) [tomcat-coyote.jar:7.0.33]
	at java.util.concurrent.ThreadPoolExecutor.runWorker(Unknown Source) [na:1.7.0_79]
	at java.util.concurrent.ThreadPoolExecutor$Worker.run(Unknown Source) [na:1.7.0_79]
	at java.lang.Thread.run(Unknown Source) [na:1.7.0_79]
Caused by: java.net.ConnectException: Connection timed out: connect
	at java.net.DualStackPlainSocketImpl.connect0(Native Method) ~[na:1.7.0_79]
	at java.net.DualStackPlainSocketImpl.socketConnect(Unknown Source) ~[na:1.7.0_79]
	at java.net.AbstractPlainSocketImpl.doConnect(Unknown Source) ~[na:1.7.0_79]
	at java.net.AbstractPlainSocketImpl.connectToAddress(Unknown Source) ~[na:1.7.0_79]
	at java.net.AbstractPlainSocketImpl.connect(Unknown Source) ~[na:1.7.0_79]
	at java.net.PlainSocketImpl.connect(Unknown Source) ~[na:1.7.0_79]
	at java.net.SocksSocketImpl.connect(Unknown Source) ~[na:1.7.0_79]
	at java.net.Socket.connect(Unknown Source) ~[na:1.7.0_79]
	at java.net.Socket.connect(Unknown Source) ~[na:1.7.0_79]
	at sun.net.NetworkClient.doConnect(Unknown Source) ~[na:1.7.0_79]
	at sun.net.www.http.HttpClient.openServer(Unknown Source) ~[na:1.7.0_79]
	at sun.net.www.http.HttpClient.openServer(Unknown Source) ~[na:1.7.0_79]
	at sun.net.www.http.HttpClient.<init>(Unknown Source) ~[na:1.7.0_79]
	at sun.net.www.http.HttpClient.New(Unknown Source) ~[na:1.7.0_79]
	at sun.net.www.http.HttpClient.New(Unknown Source) ~[na:1.7.0_79]
	at sun.net.www.protocol.http.HttpURLConnection.getNewHttpClient(Unknown Source) ~[na:1.7.0_79]
	at sun.net.www.protocol.http.HttpURLConnection.plainConnect(Unknown Source) ~[na:1.7.0_79]
	at sun.net.www.protocol.http.HttpURLConnection.connect(Unknown Source) ~[na:1.7.0_79]
	at sun.net.www.protocol.http.HttpURLConnection.getOutputStream(Unknown Source) ~[na:1.7.0_79]
	at com.caucho.hessian.client.HessianURLConnection.getOutputStream(HessianURLConnection.java:97) ~[hessian-4.0.38.jar:na]
	at com.caucho.hessian.client.HessianProxy.sendRequest(HessianProxy.java:279) ~[hessian-4.0.38.jar:na]
	... 23 common frames omitted
